1 1 12074.358681 3.276e-27 0.004339 0.0222 0.265 1774.7511 0.09 -0.03144
1 1 12074.414783 9.914e-29 2.192e-06 0.0835 0.352 782.4098 0.71 -0.00205
1 2 12074.488254 3.183e-29 0.001557 0.0847 0.4 1116.6361 0.72 -0.00796
1 1 12074.568805 1.64e-23 0.05896 0.0948 0.434 212.1564 0.74 -0.0117
1 1 12074.593709 2.89e-30 0.0004002 0.0398 0.235 2746.0234 0.36 -0.011365
1 1 12074.615478 1.349e-30 0.0005702 0.054 0.298 2701.8885 0.41 -0.011365
1 1 12074.615691 4.048e-30 0.0005703 0.054 0.298 2701.8885 0.41 -0.011365
1 1 12074.616072 2.161e-29 4.459e-06 0.054 0.298 1114.5323 0.45 -0.011365
1 1 12074.654438 2.817e-29 0.0001128 0.0801 0.298 1724.7054 0.74 -0.04
1 1 12074.704123 3.737e-30 0.1906 0.0686 0.371 3600.0523 0.56 -0.01644
1 2 12074.738862 2.05e-28 0.0002456 0.0785 0.5 324.0467 0.63 -0.0063
1 4 12074.757355 8.657e-29 0.0007888 0.1124 0.469 46.1731 0.79 0.00967
1 1 12074.796576 8.169e-29 1.594e-06 0.0857 0.371 756.7248 0.7 -0.02711
1 1 12074.831691 3.715e-28 0.0002845 0.077 0.315 1340.8849 0.69 -0.03689
1 1 12074.854629 9.167e-28 1.757e-05 0.0828 0.352 782.4098 0.69 0.00291
1 1 12074.856835 8.35e-28 0.0003489 0.0426 0.352 1216.1898 0.42 -0.00969
1 1 12074.859885 6.92e-27 0.0009637 0.0425 0.3 1216.1945 0.41 -0.00954
1 2 12074.871209 1.737e-29 0.0001107 0.0942 0.35 314.4594 0.74 -0.0093
1 1 12074.891312 1.88e-30 0.0002998 0.079 0.315 2688.0799 0.7 0.0049
1 2 12074.972708 6.955e-29 8.703e-05 0.0919 0.4 298.6201 0.72 -0.01384
