7 2 12981.577081 4.098e-29 0.02235 0.0286 0.032 1611.5421 0.63 -0.0096
7 1 12981.61569 2.63e-27 0.01679 0.053 0.053 1572.5838 0.72 -0.00645
7 3 12982.451458 1.052e-29 0.02428 0.0294 0.033 1561.619 0.63 -0.0095
7 2 12983.30102 3.979e-29 0.02152 0.0286 0.032 1609.8182 0.63 -0.0095
7 3 12984.176912 1.02e-29 0.02336 0.0294 0.033 1559.8935 0.63 -0.0094
7 1 12984.267206 2.674e-27 0.01352 0.0507 0.052 1600.1301 0.73 -0.0061
7 1 12986.261218 3.404e-27 0.01705 0.0507 0.052 1598.1361 0.73 -0.0071
7 2 12987.194584 6.211e-29 0.02238 0.0294 0.033 1519.8867 0.63 -0.0095
7 3 12988.132766 1.591e-29 0.02432 0.0303 0.033 1470.1824 0.63 -0.0094
7 1 12988.479939 3.13e-27 0.01449 0.0491 0.049 1637.0878 0.74 -0.00615
7 1 12988.722523 5.059e-26 0.02287 0.0312 0.034 1422.4983 0.63 -0.0093
7 2 12988.92663 6.024e-29 0.02153 0.0294 0.033 1518.1547 0.63 -0.0094
7 3 12989.866583 1.541e-29 0.02336 0.0303 0.033 1468.4486 0.63 -0.0093
7 1 12990.45777 4.889e-26 0.02192 0.0312 0.034 1420.7631 0.63 -0.0093
7 1 12990.501832 3.749e-27 0.01719 0.0491 0.049 1635.0659 0.74 -0.0073
7 1 12992.295768 3.182e-27 0.01509 0.0478 0.049 1685.4073 0.73 -0.0062
7 2 12992.721796 9.286e-29 0.02242 0.0303 0.033 1430.8889 0.63 -0.0094
7 3 12993.721457 2.374e-29 0.02437 0.0312 0.034 1381.4787 0.63 -0.0093
7 1 12994.341392 3.68e-27 0.01729 0.0478 0.049 1683.3616 0.73 -0.0075
7 2 12994.461968 8.997e-29 0.02155 0.0303 0.033 1429.1487 0.63 -0.0093
7 1 12994.940561 1.25e-29 7.34e-08 0.0458 0.046 343.9694 0.67 -0.0074
7 3 12995.463658 2.296e-29 0.02338 0.0312 0.034 1379.7365 0.63 -0.0093
7 1 12995.712738 2.911e-27 0.01551 0.0468 0.048 1745.0806 0.72 -0.00665
7 1 12997.779947 3.289e-27 0.01735 0.0468 0.048 1743.0133 0.72 -0.0074
7 2 12998.158989 1.369e-28 0.02246 0.0312 0.034 1344.552 0.63 -0.0093
7 1 12998.728672 2.437e-27 0.01581 0.0458 0.047 1816.0979 0.67 -0.0072
7 3 12999.217807 3.491e-29 0.02442 0.0322 0.035 1295.5114 0.63 -0.0093
7 2 12999.907306 1.325e-28 0.02156 0.0312 0.034 1342.8037 0.63 -0.0093
7 1 12999.956884 1.106e-25 0.02296 0.0332 0.035 1248.2013 0.63 -0.0092
7 1 13000.816219 2.708e-27 0.0174 0.0458 0.047 1814.0104 0.67 -0.0074
7 3 13000.968413 3.371e-29 0.02338 0.0322 0.035 1293.7607 0.63 -0.0092
7 1 13001.341178 1.884e-27 0.01604 0.0447 0.045 1898.4477 0.65 -0.0073
7 1 13001.70951 1.065e-25 0.02194 0.0332 0.035 1246.4486 0.63 -0.0091
7 1 13002.18632 1.44e-30 2.977e-07 0.0312 0.034 1245.9718 0.63 -0.0093
7 1 13003.448276 2.069e-27 0.01744 0.0447 0.045 1896.3406 0.65 -0.0074
7 2 13003.506424 1.991e-28 0.0225 0.0322 0.035 1260.8794 0.63 -0.0093
7 1 13003.54764 1.355e-27 0.01623 0.0434 0.043 1992.1165 0.65 -0.0075
